<?xml version="1.0" encoding="UTF-8"?>
<!-- Generated by org.testng.reporters.JUnitXMLReporter -->
<testsuite hostname="DESKTOP-AE94GQP" name="Account Creation" tests="3" failures="0" timestamp="17 May 2021 08:18:56 GMT" time="64.02" errors="0">
  <testcase name="createAccountWithBillingAddress" time="5.012" classname="com.tests.CrmAccountTests"/>
  <testcase name="createContact" time="48.735" classname="com.tests.CrmContactTests"/>
  <testcase name="createLead" time="5.312" classname="com.tests.CrmLeadTests"/>
</testsuite> <!-- Account Creation -->
