<?xml version="1.0" encoding="UTF-8"?>
<!-- Generated by org.testng.reporters.JUnitXMLReporter -->
<testsuite hostname="DESKTOP-AE94GQP" ignored="0" name="Account Creation" tests="4" failures="0" timestamp="2021-05-30T09:56:16 IST" time="70.334" errors="0">
  <testcase name="createAccountWithBillingAddress" time="5.538" classname="com.tests.CrmAccountTests"/>
  <testcase name="testcaseToCheckAValidPhoneNumber" time="2.958" classname="com.tests.CrmAccountTests"/>
  <testcase name="createContact" time="50.859" classname="com.tests.CrmContactTests"/>
  <testcase name="createLead" time="7.105" classname="com.tests.CrmLeadTests"/>
</testsuite> <!-- Account Creation -->
