<?xml version="1.0" encoding="UTF-8"?>
<testsuite xmlns:xsi="http://www.w3.org/2001/XMLSchema-instance" xsi:noNamespaceSchemaLocation="https://maven.apache.org/surefire/maven-surefire-plugin/xsd/surefire-test-report.xsd" name="TestSuite" time="76.719" tests="4" errors="0" skipped="0" failures="0">
  <properties>
[...]
</properties>
  <testcase name="createAccountWithBillingAddress" classname="com.tests.CrmAccountTests" time="5.687"/>
  <testcase name="testcaseToCheckAValidPhoneNumber" classname="com.tests.CrmAccountTests" time="2.998"/>
  <testcase name="createContact" classname="com.tests.CrmContactTests" time="56.465"/>
  <testcase name="createLead" classname="com.tests.CrmLeadTests" time="6.994"/>
</testsuite>