<?xml version="1.0" encoding="UTF-8"?>
<testng-results skipped="0" failed="0" ignored="0" total="4" passed="4">
  <reporter-output>
  </reporter-output>
  <suite name="Crm Functional suite" duration-ms="70334" started-at="2021-05-30T09:55:05 IST" finished-at="2021-05-30T09:56:16 IST">
    <groups>
    </groups>
    <test name="Account Creation" duration-ms="70334" started-at="2021-05-30T09:55:05 IST" finished-at="2021-05-30T09:56:16 IST">
      <class name="com.tests.CrmLeadTests">
        <test-method status="PASS" signature="init()[pri:0, instance:com.tests.CrmLeadTests@2d6eabae]" name="init" is-config="true" duration-ms="296" started-at="2021-05-30T09:56:08 IST" finished-at="2021-05-30T09:56:08 IST">
          <reporter-output>
          </reporter-output>
        </test-method> <!-- init -->
        <test-method status="PASS" signature="createLead()[pri:0, instance:com.tests.CrmLeadTests@2d6eabae]" name="createLead" duration-ms="7105" started-at="2021-05-30T09:56:08 IST" finished-at="2021-05-30T09:56:16 IST">
          <reporter-output>
          </reporter-output>
        </test-method> <!-- createLead -->
      </class> <!-- com.tests.CrmLeadTests -->
      <class name="com.tests.CrmContactTests">
        <test-method status="PASS" signature="init()[pri:0, instance:com.tests.CrmContactTests@23faf8f2]" name="init" is-config="true" duration-ms="207" started-at="2021-05-30T09:55:17 IST" finished-at="2021-05-30T09:55:17 IST">
          <reporter-output>
          </reporter-output>
        </test-method> <!-- init -->
        <test-method status="PASS" signature="createContact()[pri:0, instance:com.tests.CrmContactTests@23faf8f2]" name="createContact" duration-ms="50859" started-at="2021-05-30T09:55:17 IST" finished-at="2021-05-30T09:56:08 IST">
          <reporter-output>
          </reporter-output>
        </test-method> <!-- createContact -->
      </class> <!-- com.tests.CrmContactTests -->
      <class name="com.tests.CrmAccountTests">
        <test-method status="PASS" signature="init()[pri:0, instance:com.tests.CrmAccountTests@d44fc21]" name="init" is-config="true" duration-ms="3300" started-at="2021-05-30T09:55:05 IST" finished-at="2021-05-30T09:55:09 IST">
          <reporter-output>
          </reporter-output>
        </test-method> <!-- init -->
        <test-method status="PASS" signature="createAccountWithBillingAddress()[pri:0, instance:com.tests.CrmAccountTests@d44fc21]" name="createAccountWithBillingAddress" duration-ms="5538" started-at="2021-05-30T09:55:09 IST" finished-at="2021-05-30T09:55:14 IST">
          <reporter-output>
          </reporter-output>
        </test-method> <!-- createAccountWithBillingAddress -->
        <test-method status="PASS" signature="testcaseToCheckAValidPhoneNumber()[pri:1, instance:com.tests.CrmAccountTests@d44fc21]" name="testcaseToCheckAValidPhoneNumber" duration-ms="2958" started-at="2021-05-30T09:55:14 IST" finished-at="2021-05-30T09:55:17 IST">
          <reporter-output>
          </reporter-output>
        </test-method> <!-- testcaseToCheckAValidPhoneNumber -->
      </class> <!-- com.tests.CrmAccountTests -->
    </test> <!-- Account Creation -->
  </suite> <!-- Crm Functional suite -->
</testng-results>
