-------------------------------------------------------------------------------
Test set: TestSuite
-------------------------------------------------------------------------------
Tests run: 4, Failures: 1, Errors: 0, Skipped: 0, Time elapsed: 93.861 s <<< FAILURE! - in TestSuite
createLead(com.tests.CrmLeadTests)  Time elapsed: 20.591 s  <<< FAILURE!
java.lang.AssertionError: expected [Total: 1] but found [Total: 2]
	at com.tests.CrmLeadTests.createLead(CrmLeadTests.java:78)

