<?xml version="1.0" encoding="UTF-8"?>
<testng-results skipped="0" failed="0" total="2" passed="2">
  <reporter-output>
  </reporter-output>
  <suite name="Default suite" duration-ms="10768" started-at="2021-05-29T16:08:15Z" finished-at="2021-05-29T16:08:26Z">
    <groups>
    </groups>
    <test name="Default test" duration-ms="10768" started-at="2021-05-29T16:08:15Z" finished-at="2021-05-29T16:08:26Z">
      <class name="com.tests.CrmAccountTests">
        <test-method status="PASS" signature="init()[pri:0, instance:com.tests.CrmAccountTests@61dc03ce]" name="init" is-config="true" duration-ms="3390" started-at="2021-05-29T21:38:15Z" finished-at="2021-05-29T21:38:18Z">
          <reporter-output>
          </reporter-output>
        </test-method> <!-- init -->
        <test-method status="PASS" signature="createAccountWithBillingAddress()[pri:0, instance:com.tests.CrmAccountTests@61dc03ce]" name="createAccountWithBillingAddress" duration-ms="5328" started-at="2021-05-29T21:38:18Z" finished-at="2021-05-29T21:38:24Z">
          <reporter-output>
          </reporter-output>
        </test-method> <!-- createAccountWithBillingAddress -->
        <test-method status="PASS" signature="testcaseToCheckAValidPhoneNumber()[pri:1, instance:com.tests.CrmAccountTests@61dc03ce]" name="testcaseToCheckAValidPhoneNumber" duration-ms="2028" started-at="2021-05-29T21:38:24Z" finished-at="2021-05-29T21:38:26Z">
          <reporter-output>
          </reporter-output>
        </test-method> <!-- testcaseToCheckAValidPhoneNumber -->
      </class> <!-- com.tests.CrmAccountTests -->
    </test> <!-- Default test -->
  </suite> <!-- Default suite -->
</testng-results>
